beatRushVR/Intermediate/Android/APK/gradle/app/build/outputs/mapping/release/seeds.txt
sk.smdtech.beatrush.AlarmReceiver
sk.smdtech.beatrush.AlarmReceiver: AlarmReceiver()
sk.smdtech.beatrush.DownloaderActivity
sk.smdtech.beatrush.DownloaderActivity: DownloaderActivity()
sk.smdtech.beatrush.OBBDownloaderService
sk.smdtech.beatrush.OBBDownloaderService: OBBDownloaderService()
sk.smdtech.beatrush.R$anim: int noaction
sk.smdtech.beatrush.R$attr: int adSize
sk.smdtech.beatrush.R$attr: int adSizes
sk.smdtech.beatrush.R$attr: int adUnitId
sk.smdtech.beatrush.R$attr: int buttonSize
sk.smdtech.beatrush.R$attr: int circleCrop
sk.smdtech.beatrush.R$attr: int colorScheme
sk.smdtech.beatrush.R$attr: int coordinatorLayoutStyle
sk.smdtech.beatrush.R$attr: int font
sk.smdtech.beatrush.R$attr: int fontProviderAuthority
sk.smdtech.beatrush.R$attr: int fontProviderCerts
sk.smdtech.beatrush.R$attr: int fontProviderFetchStrategy
sk.smdtech.beatrush.R$attr: int fontProviderFetchTimeout
sk.smdtech.beatrush.R$attr: int fontProviderPackage
sk.smdtech.beatrush.R$attr: int fontProviderQuery
sk.smdtech.beatrush.R$attr: int fontStyle
sk.smdtech.beatrush.R$attr: int fontWeight
sk.smdtech.beatrush.R$attr: int imageAspectRatio
sk.smdtech.beatrush.R$attr: int imageAspectRatioAdjust
sk.smdtech.beatrush.R$attr: int keylines
sk.smdtech.beatrush.R$attr: int layout_anchor
sk.smdtech.beatrush.R$attr: int layout_anchorGravity
sk.smdtech.beatrush.R$attr: int layout_behavior
sk.smdtech.beatrush.R$attr: int layout_dodgeInsetEdges
sk.smdtech.beatrush.R$attr: int layout_insetEdge
sk.smdtech.beatrush.R$attr: int layout_keyline
sk.smdtech.beatrush.R$attr: int scopeUris
sk.smdtech.beatrush.R$attr: int statusBarBackground
sk.smdtech.beatrush.R$bool: int abc_action_bar_embed_tabs
sk.smdtech.beatrush.R$color: int common_google_signin_btn_text_dark
sk.smdtech.beatrush.R$color: int common_google_signin_btn_text_dark_default
sk.smdtech.beatrush.R$color: int common_google_signin_btn_text_dark_disabled
sk.smdtech.beatrush.R$color: int common_google_signin_btn_text_dark_focused
sk.smdtech.beatrush.R$color: int common_google_signin_btn_text_dark_pressed
sk.smdtech.beatrush.R$color: int common_google_signin_btn_text_light
sk.smdtech.beatrush.R$color: int common_google_signin_btn_text_light_default
sk.smdtech.beatrush.R$color: int common_google_signin_btn_text_light_disabled
sk.smdtech.beatrush.R$color: int common_google_signin_btn_text_light_focused
sk.smdtech.beatrush.R$color: int common_google_signin_btn_text_light_pressed
sk.smdtech.beatrush.R$color: int common_google_signin_btn_tint
sk.smdtech.beatrush.R$color: int notification_action_color_filter
sk.smdtech.beatrush.R$color: int notification_icon_bg_color
sk.smdtech.beatrush.R$color: int notification_material_background_media_default_color
sk.smdtech.beatrush.R$color: int primary_text_default_material_dark
sk.smdtech.beatrush.R$color: int ripple_material_light
sk.smdtech.beatrush.R$color: int secondary_text_default_material_dark
sk.smdtech.beatrush.R$color: int secondary_text_default_material_light
...
com.google.android.gms.internal.zzcqo
com.google.android.gms.internal.zzcqo: void zza(com.google.android.gms.internal.zzcrn)
com.google.android.gms.internal.zzcqo: void zza(com.google.android.gms.internal.zzcrp)
com.google.android.gms.internal.zzcqp
com.google.android.gms.internal.zzcqp: zzcqp()
com.google.android.gms.internal.zzcqp: boolean onTransact(int,android.os.Parcel,android.os.Parcel,int)
com.google.android.gms.internal.zzcqq
com.google.android.gms.internal.zzcqq: void zza(com.google.android.gms.internal.zzcrn)
com.google.android.gms.internal.zzcqq: void zza(com.google.android.gms.internal.zzcrp)
com.google.android.gms.internal.zzcqr
com.google.android.gms.internal.zzcqr: void zzed(int)
com.google.android.gms.internal.zzcqs
com.google.android.gms.internal.zzcqs: zzcqs()
com.google.android.gms.internal.zzcqs: boolean onTransact(int,android.os.Parcel,android.os.Parcel,int)
com.google.android.gms.internal.zzcqt
com.google.android.gms.internal.zzcqt: void zzed(int)
com.google.android.gms.internal.zzcqu
com.google.android.gms.internal.zzcqu: void zza(com.google.android.gms.internal.zzcrr)
com.google.android.gms.internal.zzcqv
com.google.android.gms.internal.zzcqv: zzcqv()
com.google.android.gms.internal.zzcqv: boolean onTransact(int,android.os.Parcel,android.os.Parcel,int)
com.google.android.gms.internal.zzcqw
com.google.android.gms.internal.zzcqw: void zza(com.google.android.gms.internal.zzcrr)
com.google.android.gms.internal.zzcqx
com.google.android.gms.internal.zzcqx: android.os.Parcelable$Creator CREATOR
com.google.android.gms.internal.zzcqx: zzcqx(java.lang.String,int)
com.google.android.gms.internal.zzcqx: java.lang.String zzbbl()
com.google.android.gms.internal.zzcqx: int getQuality()
com.google.android.gms.internal.zzcqx: int hashCode()
com.google.android.gms.internal.zzcqx: boolean equals(java.lang.Object)
com.google.android.gms.internal.zzcqx: void writeToParcel(android.os.Parcel,int)
com.google.android.gms.internal.zzcqy
com.google.android.gms.internal.zzcqy: zzcqy()
com.google.android.gms.internal.zzcqy: java.lang.Object[] newArray(int)
com.google.android.gms.internal.zzcqy: java.lang.Object createFromParcel(android.os.Parcel)
com.google.android.gms.internal.zzcqz
com.google.android.gms.internal.zzcqz: android.os.Parcelable$Creator CREATOR
com.google.android.gms.internal.zzcqz: zzcqz(java.lang.String,java.lang.String,java.lang.String,boolean,byte[])
com.google.android.gms.internal.zzcqz: java.lang.String zzbbl()
com.google.android.gms.internal.zzcqz: java.lang.String zzbbm()
com.google.android.gms.internal.zzcqz: java.lang.String getAuthenticationToken()
com.google.android.gms.internal.zzcqz: boolean zzbbn()
com.google.android.gms.internal.zzcqz: int hashCode()
com.google.android.gms.internal.zzcqz: boolean equals(java.lang.Object)
com.google.android.gms.internal.zzcqz: void writeToParcel(android.os.Parcel,int)
com.google.android.gms.internal.zzcr
com.google.android.gms.internal.zzcr: java.lang.String zza(android.content.Context)
com.google.android.gms.internal.zzcr: java.lang.String zza(android.content.Context,java.lang.String,android.view.View)
com.google.android.gms.internal.zzcr: java.lang.String zza(android.content.Context,java.lang.String,android.view.View,android.app.Activity)
com.google.android.gms.internal.zzcr: void zzb(android.view.View)
com.google.android.gms.internal.zzcr: void zza(android.view.MotionEvent)
com.google.android.gms.internal.zzcr: void zza(int,int,int)
com.google.android.gms.internal.zzcra
com.google.android.gms.internal.zzcra: zzcra()
com.google.android.gms.internal.zzcra: java.lang.Object[] newArray(int)
com.google.android.gms.internal.zzcra: java.lang.Object createFromParcel(android.os.Parcel)