beatRushVR/Intermediate/Android/APK/gradle/app/build/outputs/mapping/release/mapping.txt
sk.smdtech.beatrush.AlarmReceiver -> sk.smdtech.beatrush.AlarmReceiver:
    void <init>() -> <init>
    void onReceive(android.content.Context,android.content.Intent) -> onReceive
sk.smdtech.beatrush.DownloaderActivity -> sk.smdtech.beatrush.DownloaderActivity:
    android.widget.ProgressBar mPB -> b
    android.widget.TextView mStatusText -> c
    android.widget.TextView mProgressFraction -> d
    android.widget.TextView mProgressPercent -> e
    android.widget.TextView mAverageSpeed -> f
    android.widget.TextView mTimeRemaining -> g
    android.view.View mDashboard -> h
    android.view.View mCellMessage -> i
    android.widget.Button mPauseButton -> j
    android.widget.Button mWiFiSettingsButton -> k
    boolean mStatePaused -> l
    int mState -> m
    com.google.android.vending.expansion.downloader.IDownloaderService mRemoteService -> n
    com.google.android.vending.expansion.downloader.IStub mDownloaderClientStub -> o
    java.lang.CharSequence[] OBBSelectItems -> p
    sk.smdtech.beatrush.DownloaderActivity _download -> a
    android.content.Intent OutputData -> q
    boolean mCancelValidation -> r
    void <init>() -> <init>
    void setState(int) -> c
    void setButtonPausedState(boolean) -> a
    boolean expansionFilesDelivered() -> a
    boolean onlySingleExpansionFileFound() -> b
    java.io.File getFileDetailsCacheFile() -> c
    boolean expansionFilesUptoData() -> d
    void RemoveOBBFile(int) -> d
    void ProcessOBBFiles() -> f
    void validateXAPKZipFiles() -> e
    void initializeDownloadUI() -> g
    void onCreate(android.os.Bundle) -> onCreate
    void onStart() -> onStart
    void onPause() -> onPause
sk.smdtech.beatrush.DownloaderActivity$1 -> sk.smdtech.beatrush.DownloaderActivity$1:
    sk.smdtech.beatrush.DownloaderActivity this$0 -> a
    void <init>(sk.smdtech.beatrush.DownloaderActivity) -> <init>
    void onPreExecute() -> onPreExecute
    java.lang.Boolean doInBackground(java.lang.Object[]) -> a
    void onProgressUpdate(com.google.android.vending.expansion.downloader.DownloadProgressInfo[]) -> a
    void onPostExecute(java.lang.Boolean) -> a
    void onProgressUpdate(java.lang.Object[]) -> onProgressUpdate
    void onPostExecute(java.lang.Object) -> onPostExecute
    java.lang.Object doInBackground(java.lang.Object[]) -> doInBackground
sk.smdtech.beatrush.DownloaderActivity$1$1 -> sk.smdtech.beatrush.DownloaderActivity$1$1:
    sk.smdtech.beatrush.DownloaderActivity$1 this$1 -> a
    void <init>(sk.smdtech.beatrush.DownloaderActivity$1) -> <init>
    void onClick(android.view.View) -> onClick
sk.smdtech.beatrush.DownloaderActivity$1$2 -> sk.smdtech.beatrush.DownloaderActivity$1$2:
    sk.smdtech.beatrush.DownloaderActivity$1 this$1 -> a
    void <init>(sk.smdtech.beatrush.DownloaderActivity$1) -> <init>
    void onClick(android.view.View) -> onClick
sk.smdtech.beatrush.DownloaderActivity$2 -> sk.smdtech.beatrush.DownloaderActivity$2:
    sk.smdtech.beatrush.DownloaderActivity this$0 -> a
    void <init>(sk.smdtech.beatrush.DownloaderActivity) -> <init>
    void onClick(android.view.View) -> onClick
sk.smdtech.beatrush.DownloaderActivity$3 -> sk.smdtech.beatrush.DownloaderActivity$3:
    sk.smdtech.beatrush.DownloaderActivity this$0 -> a
    void <init>(sk.smdtech.beatrush.DownloaderActivity) -> <init>
    void onClick(android.view.View) -> onClick
sk.smdtech.beatrush.DownloaderActivity$4 -> sk.smdtech.beatrush.DownloaderActivity$4:
    sk.smdtech.beatrush.DownloaderActivity this$0 -> a
    void <init>(sk.smdtech.beatrush.DownloaderActivity) -> <init>
    void onClick(android.view.View) -> onClick
sk.smdtech.beatrush.DownloaderActivity$5 -> sk.smdtech.beatrush.DownloaderActivity$5:
    sk.smdtech.beatrush.DownloaderActivity this$0 -> a
    void <init>(sk.smdtech.beatrush.DownloaderActivity) -> <init>
    void onClick(android.content.DialogInterface,int) -> onClick
...
com.google.android.gms.internal.zzqc -> com.google.android.gms.internal.zzqc:
    android.os.IBinder zza(com.google.android.gms.dynamic.IObjectWrapper,com.google.android.gms.dynamic.IObjectWrapper,com.google.android.gms.dynamic.IObjectWrapper) -> zza
com.google.android.gms.internal.zzqd -> com.google.android.gms.internal.zzqd:
    void <init>(android.os.IBinder) -> <init>
    android.os.IBinder zza(com.google.android.gms.dynamic.IObjectWrapper,com.google.android.gms.dynamic.IObjectWrapper,com.google.android.gms.dynamic.IObjectWrapper) -> zza
com.google.android.gms.internal.zzqe -> com.google.android.gms.internal.zzqe:
    com.google.android.gms.dynamic.IObjectWrapper zzjt() -> zzjt
    java.lang.String getHeadline() -> getHeadline
    java.util.List getImages() -> getImages
    java.lang.String getBody() -> getBody
    com.google.android.gms.internal.zzpq zzjs() -> zzjs
    java.lang.String getCallToAction() -> getCallToAction
    double getStarRating() -> getStarRating
    java.lang.String getStore() -> getStore
    java.lang.String getPrice() -> getPrice
    android.os.Bundle getExtras() -> getExtras
    void destroy() -> destroy
    com.google.android.gms.internal.zzll getVideoController() -> getVideoController
    void performClick(android.os.Bundle) -> performClick
    boolean recordImpression(android.os.Bundle) -> recordImpression
    void reportTouchEvent(android.os.Bundle) -> reportTouchEvent
    com.google.android.gms.internal.zzpm zzjy() -> zzjy
    com.google.android.gms.dynamic.IObjectWrapper zzjx() -> zzjx
    java.lang.String getMediationAdapterClassName() -> getMediationAdapterClassName
com.google.android.gms.internal.zzqf -> com.google.android.gms.internal.zzqf:
    void <init>() -> <init>
    boolean onTransact(int,android.os.Parcel,android.os.Parcel,int) -> onTransact
com.google.android.gms.internal.zzqg -> com.google.android.gms.internal.zzqg:
    void <init>(android.os.IBinder) -> <init>
    com.google.android.gms.dynamic.IObjectWrapper zzjt() -> zzjt
    java.lang.String getHeadline() -> getHeadline
    java.util.List getImages() -> getImages
    java.lang.String getBody() -> getBody
    com.google.android.gms.internal.zzpq zzjs() -> zzjs
    java.lang.String getCallToAction() -> getCallToAction
    double getStarRating() -> getStarRating
    java.lang.String getStore() -> getStore
    java.lang.String getPrice() -> getPrice
    android.os.Bundle getExtras() -> getExtras
    void destroy() -> destroy
    com.google.android.gms.internal.zzll getVideoController() -> getVideoController
    void performClick(android.os.Bundle) -> performClick
    boolean recordImpression(android.os.Bundle) -> recordImpression
    void reportTouchEvent(android.os.Bundle) -> reportTouchEvent
    com.google.android.gms.internal.zzpm zzjy() -> zzjy
    com.google.android.gms.dynamic.IObjectWrapper zzjx() -> zzjx
    java.lang.String getMediationAdapterClassName() -> getMediationAdapterClassName