beatRushVR/Intermediate/Android/APK/gradle/app/build/outputs/mapping/release/usage.txt
sk.smdtech.beatrush.BuildConfig
sk.smdtech.beatrush.DownloaderActivity:
    private static final java.lang.String LOG_TAG
    private static final float SMOOTHING_FACTOR
sk.smdtech.beatrush.OBBData:
    public static final java.lang.String AppType
    3:3:public OBBData()
sk.smdtech.beatrush.OBBDownloaderService:
    private static final java.lang.String BASE64_PUBLIC_KEY
sk.smdtech.beatrush.R
sk.smdtech.beatrush.R$anim
sk.smdtech.beatrush.R$attr
sk.smdtech.beatrush.R$bool
sk.smdtech.beatrush.R$color
sk.smdtech.beatrush.R$dimen
sk.smdtech.beatrush.R$drawable
sk.smdtech.beatrush.R$id
sk.smdtech.beatrush.R$integer
sk.smdtech.beatrush.R$layout
sk.smdtech.beatrush.R$string
sk.smdtech.beatrush.R$style
sk.smdtech.beatrush.R$styleable
...
android.support.v4.view.ViewPropertyAnimatorListenerAdapter
android.support.v4.view.ViewPropertyAnimatorUpdateListener
android.support.v4.view.WindowCompat
android.support.v4.view.WindowInsetsCompat
android.support.v4.view.accessibility.AccessibilityEventCompat
android.support.v4.view.accessibility.AccessibilityManagerCompat
android.support.v4.view.accessibility.AccessibilityManagerCompat$AccessibilityStateChangeListener
android.support.v4.view.accessibility.AccessibilityManagerCompat$AccessibilityStateChangeListenerCompat
android.support.v4.view.accessibility.AccessibilityManagerCompat$AccessibilityStateChangeListenerWrapper
android.support.v4.view.accessibility.AccessibilityManagerCompat$TouchExplorationStateChangeListener
android.support.v4.view.accessibility.AccessibilityManagerCompat$TouchExplorationStateChangeListenerWrapper
android.support.v4.view.accessibility.AccessibilityNodeInfoCompat
android.support.v4.view.accessibility.AccessibilityNodeInfoCompat$AccessibilityActionCompat
android.support.v4.view.accessibility.AccessibilityNodeInfoCompat$CollectionInfoCompat
android.support.v4.view.accessibility.AccessibilityNodeInfoCompat$CollectionItemInfoCompat
android.support.v4.view.accessibility.AccessibilityNodeInfoCompat$RangeInfoCompat
android.support.v4.view.accessibility.AccessibilityNodeProviderCompat
android.support.v4.view.accessibility.AccessibilityNodeProviderCompat$AccessibilityNodeProviderApi16
android.support.v4.view.accessibility.AccessibilityNodeProviderCompat$AccessibilityNodeProviderApi19
android.support.v4.view.accessibility.AccessibilityRecordCompat
android.support.v4.view.accessibility.AccessibilityWindowInfoCompat
android.support.v4.view.animation.FastOutLinearInInterpolator
android.support.v4.view.animation.FastOutSlowInInterpolator
android.support.v4.view.animation.LinearOutSlowInInterpolator
android.support.v4.view.animation.LookupTableInterpolator
android.support.v4.view.animation.PathInterpolatorApi14
android.support.v4.view.animation.PathInterpolatorCompat
android.support.v4.widget.AutoScrollHelper
android.support.v4.widget.AutoScrollHelper$ClampedScroller
android.support.v4.widget.AutoScrollHelper$ScrollAnimationRunnable
android.support.v4.widget.AutoSizeableTextView
android.support.v4.widget.CircleImageView
android.support.v4.widget.CircleImageView$OvalShadow
android.support.v4.widget.CircularProgressDrawable
android.support.v4.widget.CircularProgressDrawable$1
android.support.v4.widget.CircularProgressDrawable$2
android.support.v4.widget.CircularProgressDrawable$ProgressDrawableSize
android.support.v4.widget.CircularProgressDrawable$Ring
android.support.v4.widget.CompoundButtonCompat
android.support.v4.widget.CompoundButtonCompat$CompoundButtonCompatApi21Impl
android.support.v4.widget.CompoundButtonCompat$CompoundButtonCompatApi23Impl
android.support.v4.widget.CompoundButtonCompat$CompoundButtonCompatBaseImpl
android.support.v4.widget.ContentLoadingProgressBar
android.support.v4.widget.ContentLoadingProgressBar$1
android.support.v4.widget.ContentLoadingProgressBar$2
android.support.v4.widget.CursorAdapter
android.support.v4.widget.CursorAdapter$ChangeObserver
android.support.v4.widget.CursorAdapter$MyDataSetObserver
android.support.v4.widget.CursorFilter
android.support.v4.widget.CursorFilter$CursorFilterClient
android.support.v4.widget.DirectedAcyclicGraph
android.support.v4.widget.DrawerLayout
android.support.v4.widget.DrawerLayout$1
android.support.v4.widget.DrawerLayout$AccessibilityDelegate
android.support.v4.widget.DrawerLayout$ChildAccessibilityDelegate
android.support.v4.widget.DrawerLayout$DrawerListener
android.support.v4.widget.DrawerLayout$EdgeGravity
android.support.v4.widget.DrawerLayout$LayoutParams
android.support.v4.widget.DrawerLayout$LockMode
android.support.v4.widget.DrawerLayout$SavedState
android.support.v4.widget.DrawerLayout$SavedState$1
android.support.v4.widget.DrawerLayout$SimpleDrawerListener
android.support.v4.widget.DrawerLayout$State